<?xml version="1.0" encoding="UTF-8"?>
<!-- Generated by org.testng.reporters.JUnitReportReporter -->
<testsuite hostname="DESKTOP-JI19CJ6" name="com.interview.AppTest" tests="2" failures="0" timestamp="7 Jan 2023 06:36:10 GMT" time="0.023" errors="0">
  <testcase name="testlogin2" time="0.003" classname="com.interview.AppTest"/>
  <testcase name="testlogin1" time="0.020" classname="com.interview.AppTest"/>
</testsuite> <!-- com.interview.AppTest -->
