<?xml version="1.0" encoding="UTF-8"?>
<!-- Generated by org.testng.reporters.JUnitReportReporter -->
<testsuite hostname="DESKTOP-JI19CJ6" name="com.interview.TC_Login" tests="1" failures="0" timestamp="7 Jan 2023 06:36:10 GMT" time="48.665" errors="0">
  <testcase name="login_Test" time="48.665" classname="com.interview.TC_Login"/>
</testsuite> <!-- com.interview.TC_Login -->
