<?xml version="1.0" encoding="UTF-8"?>
<!-- Generated by org.testng.reporters.JUnitReportReporter -->
<testsuite hostname="DESKTOP-JI19CJ6" failures="0" tests="1" name="com.interview.TC_Login" time="114.677" errors="0" timestamp="2023-01-06T12:27:01 IST" skipped="0">
  <testcase classname="com.interview.TC_Login" name="login_Test" time="114.677"/>
  <system-out/>
</testsuite> <!-- com.interview.TC_Login -->
