<?xml version="1.0" encoding="UTF-8"?>
<!-- Generated by org.testng.reporters.JUnitReportReporter -->
<testsuite hostname="DESKTOP-JI19CJ6" failures="0" tests="2" name="com.interview.AppTest" time="0.054" errors="0" timestamp="2023-01-06T12:27:01 IST" skipped="0">
  <testcase classname="com.interview.AppTest" name="testlogin2" time="0.002"/>
  <system-out/>
  <testcase classname="com.interview.AppTest" name="testlogin1" time="0.052"/>
  <system-out/>
</testsuite> <!-- com.interview.AppTest -->
